1539488664576	mozrunner::runner	INFO	Running command: "C:\\Program Files\\Mozilla Firefox\\firefox.exe" "-marionette" "-foreground" "-no-remote" "-profile" "C:\\Users\\Pat\\AppData\\Local\\Temp\\rust_mozprofile.qMYUypgqaOCh"
1539488664743	addons.manager	DEBUG	Loaded provider scope for resource://gre/modules/addons/XPIProvider.jsm: ["XPIProvider", "XPIInternal"]
1539488664745	addons.manager	DEBUG	Loaded provider scope for resource://gre/modules/LightweightThemeManager.jsm: ["LightweightThemeManager"]
1539488664754	addons.manager	DEBUG	Loaded provider scope for resource://gre/modules/addons/GMPProvider.jsm
1539488664756	addons.manager	DEBUG	Loaded provider scope for resource://gre/modules/addons/PluginProvider.jsm
1539488664756	addons.manager	DEBUG	Starting provider: XPIProvider
1539488664756	addons.xpi	DEBUG	startup
1539488664757	addons.xpi	INFO	SystemAddonLocation directory is missing
1539488664757	addons.xpi	DEBUG	checkForChanges
1539488664757	addons.xpi	DEBUG	Loaded add-on state: {"app-system-defaults":{"addons":{"activity-stream@mozilla.org":{"dependencies":[],"enabled":true,"hasEmbeddedWebExtension":false,"lastModifiedTime":1538416206158,"path":"activity-stream@mozilla.org.xpi","runInSafeMode":true,"telemetryKey":"activity-stream%40mozilla.org:2018.08.22.1219-93becf29","version":"2018.08.22.1219-93becf29"},"aushelper@mozilla.org":{"dependencies":[],"enabled":true,"hasEmbeddedWebExtension":false,"lastModifiedTime":1538416206159,"path":"aushelper@mozilla.org.xpi","runInSafeMode":true,"telemetryKey":"aushelper%40mozilla.org:2.0","version":"2.0"},"firefox@getpocket.com":{"dependencies":[],"enabled":true,"hasEmbeddedWebExtension":false,"lastModifiedTime":1538416206164,"path":"firefox@getpocket.com.xpi","runInSafeMode":true,"telemetryKey":"firefox%40getpocket.com:1.0.5","version":"1.0.5"},"formautofill@mozilla.org":{"dependencies":[],"enabled":true,"hasEmbeddedWebExtension":false,"lastModifiedTime":1538416206167,"path":"formautofill@mozilla.org.xpi","runInSafeMode":true,"telemetryKey":"formautofill%40mozilla.org:1.0","version":"1.0"},"onboarding@mozilla.org":{"dependencies":[],"enabled":true,"hasEmbeddedWebExtension":false,"lastModifiedTime":1538416206173,"path":"onboarding@mozilla.org.xpi","runInSafeMode":true,"telemetryKey":"onboarding%40mozilla.org:1.0","version":"1.0"},"screenshots@mozilla.org":{"dependencies":[],"enabled":true,"hasEmbeddedWebExtension":false,"lastModifiedTime":1538416206180,"path":"screenshots@mozilla.org.xpi","runInSafeMode":true,"telemetryKey":"screenshots%40mozilla.org:33.0.0","version":"33.0.0","startupData":{"persistentListeners":{"runtime":{"onMessage":[[]]}}}},"webcompat-reporter@mozilla.org":{"dependencies":[],"enabled":true,"hasEmbeddedWebExtension":false,"lastModifiedTime":1538416206181,"path":"webcompat-reporter@mozilla.org.xpi","runInSafeMode":true,"telemetryKey":"webcompat-reporter%40mozilla.org:1.0.0","version":"1.0.0"},"webcompat@mozilla.org":{"dependencies":[],"enabled":true,"hasEmbeddedWebExtension":true,"lastModifiedTime":1538416206181,"path":"webcompat@mozilla.org.xpi","runInSafeMode":true,"telemetryKey":"webcompat%40mozilla.org:2.0","version":"2.0"}},"staged":{},"path":"C:\\Program Files\\Mozilla Firefox\\browser\\features"}}
1539488664758	addons.xpi	DEBUG	scanForChanges changed: false, state: {}
1539488664759	addons.xpi	DEBUG	No changes found
1539488664763	addons.xpi	DEBUG	Registering manifest for C:\Program Files\Mozilla Firefox\browser\features\activity-stream@mozilla.org.xpi
1539488664763	addons.xpi	DEBUG	Loading bootstrap scope from C:\Program Files\Mozilla Firefox\browser\features\activity-stream@mozilla.org.xpi
1539488664765	addons.xpi	DEBUG	Calling bootstrap method startup on activity-stream@mozilla.org version 2018.08.22.1219-93becf29
1539488664765	addons.xpi	DEBUG	Registering manifest for C:\Program Files\Mozilla Firefox\browser\features\aushelper@mozilla.org.xpi
1539488664766	addons.xpi	DEBUG	Loading bootstrap scope from C:\Program Files\Mozilla Firefox\browser\features\aushelper@mozilla.org.xpi
1539488664767	addons.xpi	DEBUG	Calling bootstrap method startup on aushelper@mozilla.org version 2.0
1539488664767	addons.xpi	DEBUG	Registering manifest for C:\Program Files\Mozilla Firefox\browser\features\firefox@getpocket.com.xpi
1539488664768	addons.xpi	DEBUG	Loading bootstrap scope from C:\Program Files\Mozilla Firefox\browser\features\firefox@getpocket.com.xpi
1539488664770	addons.xpi	DEBUG	Calling bootstrap method startup on firefox@getpocket.com version 1.0.5
1539488664774	addons.xpi	DEBUG	Registering manifest for C:\Program Files\Mozilla Firefox\browser\features\formautofill@mozilla.org.xpi
1539488664774	addons.xpi	DEBUG	Loading bootstrap scope from C:\Program Files\Mozilla Firefox\browser\features\formautofill@mozilla.org.xpi
1539488664776	addons.xpi	DEBUG	Calling bootstrap method startup on formautofill@mozilla.org version 1.0
1539488664781	addons.xpi	DEBUG	Registering manifest for C:\Program Files\Mozilla Firefox\browser\features\onboarding@mozilla.org.xpi
1539488664782	addons.xpi	DEBUG	Loading bootstrap scope from C:\Program Files\Mozilla Firefox\browser\features\onboarding@mozilla.org.xpi
1539488664783	addons.xpi	DEBUG	Calling bootstrap method startup on onboarding@mozilla.org version 1.0
1539488664783	addons.xpi	DEBUG	Registering manifest for C:\Program Files\Mozilla Firefox\browser\features\screenshots@mozilla.org.xpi
1539488664784	addons.xpi	DEBUG	Loading bootstrap scope from C:\Program Files\Mozilla Firefox\browser\features\screenshots@mozilla.org.xpi
1539488664785	addons.xpi	DEBUG	Calling bootstrap method startup on screenshots@mozilla.org version 33.0.0
1539488664785	addons.xpi	DEBUG	Registering manifest for C:\Program Files\Mozilla Firefox\browser\features\webcompat-reporter@mozilla.org.xpi
1539488664786	addons.xpi	DEBUG	Loading bootstrap scope from C:\Program Files\Mozilla Firefox\browser\features\webcompat-reporter@mozilla.org.xpi
1539488664787	addons.xpi	DEBUG	Calling bootstrap method startup on webcompat-reporter@mozilla.org version 1.0.0
1539488664787	addons.xpi	DEBUG	Registering manifest for C:\Program Files\Mozilla Firefox\browser\features\webcompat@mozilla.org.xpi
1539488664787	addons.xpi	DEBUG	Loading bootstrap scope from C:\Program Files\Mozilla Firefox\browser\features\webcompat@mozilla.org.xpi
1539488664791	addons.xpi	DEBUG	Calling bootstrap method startup on webcompat@mozilla.org version 2.0
1539488664793	addons.manager	DEBUG	Registering shutdown blocker for XPIProvider
1539488664793	addons.manager	DEBUG	Provider finished startup: XPIProvider
1539488664793	addons.manager	DEBUG	Starting provider: LightweightThemeManager
1539488664793	addons.manager	DEBUG	Registering shutdown blocker for LightweightThemeManager
1539488664793	addons.manager	DEBUG	Provider finished startup: LightweightThemeManager
1539488664793	addons.manager	DEBUG	Starting provider: GMPProvider
1539488664794	addons.manager	DEBUG	Registering shutdown blocker for GMPProvider
1539488664794	addons.manager	DEBUG	Provider finished startup: GMPProvider
1539488664794	addons.manager	DEBUG	Starting provider: PluginProvider
1539488664794	addons.manager	DEBUG	Registering shutdown blocker for PluginProvider
1539488664794	addons.manager	DEBUG	Provider finished startup: PluginProvider
1539488664795	addons.manager	DEBUG	Completed startup sequence
1539488665123	addons.xpi-utils	DEBUG	Starting async load of XPI database C:\Users\Pat\AppData\Local\Temp\rust_mozprofile.qMYUypgqaOCh\extensions.json
1539488665135	addons.xpi	DEBUG	Existing add-on activity-stream@mozilla.org in app-system-defaults
1539488665135	addons.xpi	DEBUG	Existing add-on aushelper@mozilla.org in app-system-defaults
1539488665135	addons.xpi	DEBUG	Existing add-on firefox@getpocket.com in app-system-defaults
1539488665135	addons.xpi	DEBUG	Existing add-on formautofill@mozilla.org in app-system-defaults
1539488665135	addons.xpi	DEBUG	Existing add-on onboarding@mozilla.org in app-system-defaults
1539488665135	addons.xpi	DEBUG	Existing add-on screenshots@mozilla.org in app-system-defaults
1539488665135	addons.xpi	DEBUG	Existing add-on webcompat-reporter@mozilla.org in app-system-defaults
1539488665136	addons.xpi	DEBUG	Existing add-on webcompat@mozilla.org in app-system-defaults
1539488665136	addons.xpi	DEBUG	scanForChanges changed: false, state: {}
1539488665178	addons.xpi-utils	DEBUG	Finished async read of XPI database, parsing...
1539488665304	Marionette	INFO	Listening on port 60021
*** Blocklist::_preloadBlocklistFile: blocklist is disabled
1539488665377	addons.xpi-utils	DEBUG	Successfully read XPI database
1539488665377	addons.manager	DEBUG	Registering upgrade listener for formautofill@mozilla.org
1539488665591	Marionette	WARN	TLS certificate errors will be ignored for this session
1539488665610	Marionette	DEBUG	[2147483649] Frame script loaded
1539488665611	Marionette	DEBUG	[2147483649] Frame script registered
1539488665625	Marionette	DEBUG	[2147483649] Received DOM event beforeunload for about:blank
1539488665695	Marionette	DEBUG	[2147483649] Received DOM event pagehide for about:blank
1539488665774	Marionette	DEBUG	[2147483649] Received DOM event DOMContentLoaded for https://watch.na.lolesports.com/vods/worlds/world_championship_2018
1539488665775	Marionette	DEBUG	[2147483649] Received DOM event pageshow for https://watch.na.lolesports.com/vods/worlds/world_championship_2018
1539488667813	Marionette	DEBUG	[2147483649] Received DOM event beforeunload for https://watch.na.lolesports.com/vods/worlds/world_championship_2018
1539488668173	Marionette	DEBUG	[2147483649] Received DOM event pagehide for https://watch.na.lolesports.com/vods/worlds/world_championship_2018
1539488668173	Marionette	DEBUG	[2147483649] Received DOM event unload for https://watch.na.lolesports.com/vods/worlds/world_championship_2018
1539488668176	Marionette	DEBUG	[2147483649] Received DOM event DOMContentLoaded for https://auth.riotgames.com/authorize?client_id=rso-web-client-prod&redirect_uri=https%3A%2F%2Flogin.lolesports.com%2Foauth2-callback&scope=openid&response_type=code&state=6D_CrKMszgDKv1p_l9IegY3Np7dZWDjtf7vKvfqbchU&ui_locales=en-us&login_hint=na
1539488668232	Marionette	DEBUG	[2147483649] Received observer notification outer-window-destroyed for 2147483653
1539488668233	Marionette	DEBUG	[2147483649] Received observer notification outer-window-destroyed for 2147483656
1539488668598	Marionette	DEBUG	[2147483649] Received DOM event pageshow for https://auth.riotgames.com/authorize?client_id=rso-web-client-prod&redirect_uri=https%3A%2F%2Flogin.lolesports.com%2Foauth2-callback&scope=openid&response_type=code&state=6D_CrKMszgDKv1p_l9IegY3Np7dZWDjtf7vKvfqbchU&ui_locales=en-us&login_hint=na
1539488668923	addons.xpi	DEBUG	Calling bootstrap method shutdown on webcompat@mozilla.org version 2.0
1539488668924	addons.xpi	DEBUG	Calling bootstrap method shutdown on webcompat-reporter@mozilla.org version 1.0.0
1539488668924	addons.xpi	DEBUG	Calling bootstrap method shutdown on screenshots@mozilla.org version 33.0.0
1539488668926	addons.xpi	DEBUG	Calling bootstrap method shutdown on onboarding@mozilla.org version 1.0
1539488668926	addons.xpi	DEBUG	Calling bootstrap method shutdown on formautofill@mozilla.org version 1.0
1539488668926	addons.xpi	DEBUG	Calling bootstrap method shutdown on firefox@getpocket.com version 1.0.5
1539488668926	addons.xpi	DEBUG	Calling bootstrap method shutdown on aushelper@mozilla.org version 2.0
1539488668926	addons.xpi	DEBUG	Calling bootstrap method shutdown on activity-stream@mozilla.org version 2018.08.22.1219-93becf29
[Parent 5332, Gecko_IOThread] WARNING: pipe error: 109: file z:/build/build/src/ipc/chromium/src/chrome/common/ipc_channel_win.cc, line 346
[Parent 5332, Gecko_IOThread] WARNING: pipe error: 109: file z:/build/build/src/ipc/chromium/src/chrome/common/ipc_channel_win.cc, line 346
[Child 11068, Chrome_ChildThread] WARNING: pipe error: 109: file z:/build/build/src/ipc/chromium/src/chrome/common/ipc_channel_win.cc, line 346[Chil
d 1728,[C Chrohild 11068, Cme_ChildThread] WhARNING: pripe error: 109: file z:/build/build/src/ipc/chromium/src/chrome/common/ipc_channel_win.cc, line 346
[Child 1728, C[Parent 5332, Gecko_IOThread] WARNING: pipe error: 109: file z:/build/build/src/ipc/chromium/src/chrome/common/ipc_channel_win.cc, line 346
[Child 7692, Chrome_ChildThread] WARNING: pipe error: 109: file z:/build/build/src/ipc/chromium/src/chrome/common/ipc_channel_win.cc, line 346
[Child 7692,1539488668955	addons.manager	DEBUG	shutdown
1539488668956	addons.manager	DEBUG	Calling shutdown blocker for XPIProvider
1539488668956	addons.xpi	DEBUG	shutdown
1539488668962	addons.xpi-utils	DEBUG	shutdown
1539488668962	addons.manager	DEBUG	Calling shutdown blocker for LightweightThemeManager
1539488668962	addons.manager	DEBUG	Calling shutdown blocker for GMPProvider
1539488668962	addons.manager	DEBUG	Calling shutdown blocker for PluginProvider
1539488668966	addons.manager	DEBUG	Async provider shutdown done
1539488669046	Marionette	INFO	Stopped listening on port 60021
[GPU
###!!! [Child][MessageChannel::SendAndWait] Error: Channel error: cannot send/recv

